[2024-08-07T17:26:23.848Z] GET /
[2024-08-07T17:26:39.922Z] GET /api/user
[2024-08-07T17:28:06.781Z] POST /api/user/register
[2024-08-07T17:58:10.322Z] POST /api/user/login
[2024-08-07T18:14:19.230Z] POST /api/user/login
[2024-08-07T18:16:19.948Z] GET /
[2024-08-07T18:16:29.911Z] GET /api/user
[2024-08-07T18:18:28.307Z] POST /api/user/register
[2024-08-07T18:19:06.842Z] POST /api/user/register
[2024-08-07T18:19:17.617Z] GET /api/user
[2024-08-07T18:19:48.361Z] POST /api/user/register
[2024-08-07T18:21:54.638Z] POST /api/user/register
[2024-08-07T18:22:21.913Z] GET /api/user
[2024-08-07T18:31:00.302Z] GET /api/user/logout
[2024-08-07T18:31:03.524Z] POST /api/user/logout
[2024-08-07T18:31:08.860Z] GET /api/user
[2024-08-07T18:31:23.763Z] GET /api/user
[2024-08-07T18:31:50.813Z] POST /api/user/login
[2024-08-07T18:31:57.110Z] GET /api/user
[2024-08-07T18:32:17.882Z] POST /api/user/login
[2024-08-07T18:32:23.228Z] GET /api/user
[2024-08-07T18:32:31.972Z] POST /api/user/login
[2024-08-07T18:32:36.833Z] GET /api/user
